<?xml version="1.0" encoding="UTF-8"?>
<testsuite xmlns:xsi="http://www.w3.org/2001/XMLSchema-instance" xsi:noNamespaceSchemaLocation="https://maven.apache.org/surefire/maven-surefire-plugin/xsd/surefire-test-report.xsd" name="TestSuite" time="0.961" tests="4" errors="0" skipped="0" failures="0">
  <properties>
    <property name="java.specification.version" value="18"/>
    <property name="sun.jnu.encoding" value="UTF-8"/>
    <property name="java.class.path" value="/home/javier/IdeaProjects/maiven2/target/test-classes:/home/javier/IdeaProjects/maiven2/target/classes:/home/javier/.m2/repository/org/testng/testng/7.1.0/testng-7.1.0.jar:/home/javier/.m2/repository/com/beust/jcommander/1.72/jcommander-1.72.jar:/home/javier/.m2/repository/com/google/inject/guice/4.1.0/guice-4.1.0-no_aop.jar:/home/javier/.m2/repository/javax/inject/javax.inject/1/javax.inject-1.jar:/home/javier/.m2/repository/aopalliance/aopalliance/1.0/aopalliance-1.0.jar:/home/javier/.m2/repository/com/google/guava/guava/19.0/guava-19.0.jar:/home/javier/.m2/repository/org/yaml/snakeyaml/1.21/snakeyaml-1.21.jar:/home/javier/.m2/repository/com/h2database/h2/2.1.210/h2-2.1.210.jar:/home/javier/.m2/repository/log4j/log4j/1.2.17/log4j-1.2.17.jar:/home/javier/.m2/repository/junit/junit/4.13.1/junit-4.13.1.jar:/home/javier/.m2/repository/org/hamcrest/hamcrest-core/1.3/hamcrest-core-1.3.jar:/home/javier/.m2/repository/org/apache/maven/surefire/surefire-testng-utils/2.22.0/surefire-testng-utils-2.22.0.jar:/home/javier/.m2/repository/org/apache/maven/surefire/surefire-grouper/2.22.0/surefire-grouper-2.22.0.jar:"/>
    <property name="java.vm.vendor" value="Oracle Corporation"/>
    <property name="sun.arch.data.model" value="64"/>
    <property name="java.vendor.url" value="https://java.oracle.com/"/>
    <property name="os.name" value="Linux"/>
    <property name="java.vm.specification.version" value="18"/>
    <property name="sun.java.launcher" value="SUN_STANDARD"/>
    <property name="user.country" value="CO"/>
    <property name="sun.boot.library.path" value="/home/javier/.jdks/openjdk-18.0.1.1/lib"/>
    <property name="sun.java.command" value="/home/javier/IdeaProjects/maiven2/target/surefire/surefirebooter419644416202601627.jar /home/javier/IdeaProjects/maiven2/target/surefire 2022-06-07T19-31-18_245-jvmRun1 surefire11566691258954298144tmp surefire_02124887022294164656tmp"/>
    <property name="jdk.debug" value="release"/>
    <property name="surefire.test.class.path" value="/home/javier/IdeaProjects/maiven2/target/test-classes:/home/javier/IdeaProjects/maiven2/target/classes:/home/javier/.m2/repository/org/testng/testng/7.1.0/testng-7.1.0.jar:/home/javier/.m2/repository/com/beust/jcommander/1.72/jcommander-1.72.jar:/home/javier/.m2/repository/com/google/inject/guice/4.1.0/guice-4.1.0-no_aop.jar:/home/javier/.m2/repository/javax/inject/javax.inject/1/javax.inject-1.jar:/home/javier/.m2/repository/aopalliance/aopalliance/1.0/aopalliance-1.0.jar:/home/javier/.m2/repository/com/google/guava/guava/19.0/guava-19.0.jar:/home/javier/.m2/repository/org/yaml/snakeyaml/1.21/snakeyaml-1.21.jar:/home/javier/.m2/repository/com/h2database/h2/2.1.210/h2-2.1.210.jar:/home/javier/.m2/repository/log4j/log4j/1.2.17/log4j-1.2.17.jar:/home/javier/.m2/repository/junit/junit/4.13.1/junit-4.13.1.jar:/home/javier/.m2/repository/org/hamcrest/hamcrest-core/1.3/hamcrest-core-1.3.jar:/home/javier/.m2/repository/org/apache/maven/surefire/surefire-testng-utils/2.22.0/surefire-testng-utils-2.22.0.jar:/home/javier/.m2/repository/org/apache/maven/surefire/surefire-grouper/2.22.0/surefire-grouper-2.22.0.jar:"/>
    <property name="sun.cpu.endian" value="little"/>
    <property name="user.home" value="/home/javier"/>
    <property name="user.language" value="es"/>
    <property name="java.specification.vendor" value="Oracle Corporation"/>
    <property name="java.version.date" value="2022-04-22"/>
    <property name="java.home" value="/home/javier/.jdks/openjdk-18.0.1.1"/>
    <property name="file.separator" value="/"/>
    <property name="basedir" value="/home/javier/IdeaProjects/maiven2"/>
    <property name="java.vm.compressedOopsMode" value="32-bit"/>
    <property name="line.separator" value="&#10;"/>
    <property name="java.vm.specification.vendor" value="Oracle Corporation"/>
    <property name="java.specification.name" value="Java Platform API Specification"/>
    <property name="surefire.real.class.path" value="/home/javier/IdeaProjects/maiven2/target/surefire/surefirebooter419644416202601627.jar"/>
    <property name="sun.management.compiler" value="HotSpot 64-Bit Tiered Compilers"/>
    <property name="java.runtime.version" value="18.0.1.1+2-6"/>
    <property name="user.name" value="javier"/>
    <property name="path.separator" value=":"/>
    <property name="os.version" value="5.13.0-39-generic"/>
    <property name="java.runtime.name" value="OpenJDK Runtime Environment"/>
    <property name="file.encoding" value="UTF-8"/>
    <property name="java.vm.name" value="OpenJDK 64-Bit Server VM"/>
    <property name="localRepository" value="/home/javier/.m2/repository"/>
    <property name="java.vendor.url.bug" value="https://bugreport.java.com/bugreport/"/>
    <property name="java.io.tmpdir" value="/tmp"/>
    <property name="idea.version" value="2022.1.2"/>
    <property name="java.version" value="18.0.1.1"/>
    <property name="user.dir" value="/home/javier/IdeaProjects/maiven2"/>
    <property name="os.arch" value="amd64"/>
    <property name="java.vm.specification.name" value="Java Virtual Machine Specification"/>
    <property name="native.encoding" value="UTF-8"/>
    <property name="java.library.path" value="/usr/java/packages/lib:/usr/lib64:/lib64:/lib:/usr/lib"/>
    <property name="java.vm.info" value="mixed mode, sharing"/>
    <property name="java.vendor" value="Oracle Corporation"/>
    <property name="java.vm.version" value="18.0.1.1+2-6"/>
    <property name="sun.io.unicode.encoding" value="UnicodeLittle"/>
    <property name="java.class.version" value="62.0"/>
  </properties>
  <testcase name="eliminarPacienteTest on eliminarPacienteTest(test.com.dh.clinica.PacienteServiceTest)" classname="test.com.dh.clinica.PacienteServiceTest" time="0.058"/>
  <testcase name="traerTodos on traerTodos(test.com.dh.clinica.PacienteServiceTest)" classname="test.com.dh.clinica.PacienteServiceTest" time="0.14"/>
  <testcase name="agregarYBuscarPacienteTest on agregarYBuscarPacienteTest(test.com.dh.clinica.PacienteServiceTest)" classname="test.com.dh.clinica.PacienteServiceTest" time="0"/>
  <testcase name="agregarOdontologo on agregarOdontologo(test.com.dh.clinica.OdontologoServiceTest)" classname="test.com.dh.clinica.OdontologoServiceTest" time="0.025"/>
</testsuite>