<?xml version="1.0" encoding="UTF-8"?>
<!-- Generated by org.testng.reporters.JUnitReportReporter -->
<testsuite hostname="javier-GA-970A-UD3" failures="0" tests="1" name="test.com.dh.clinica.OdontologoServiceTest" time="0.025" errors="0" timestamp="2022-06-07T19:31:19 COT" skipped="0">
  <testcase classname="test.com.dh.clinica.OdontologoServiceTest" name="agregarOdontologo" time="0.025"/>
  <system-out/>
</testsuite> <!-- test.com.dh.clinica.OdontologoServiceTest -->
