<?xml version="1.0" encoding="UTF-8"?>
<!-- Generated by org.testng.reporters.JUnitReportReporter -->
<testsuite hostname="javier-GA-970A-UD3" failures="0" tests="3" name="test.com.dh.clinica.PacienteServiceTest" time="1.476" errors="0" timestamp="2022-06-07T19:31:19 COT" skipped="0">
  <testcase classname="test.com.dh.clinica.PacienteServiceTest" name="eliminarPacienteTest" time="0.380"/>
  <system-out/>
  <testcase classname="test.com.dh.clinica.PacienteServiceTest" name="agregarYBuscarPacienteTest" time="0.554"/>
  <system-out/>
  <testcase classname="test.com.dh.clinica.PacienteServiceTest" name="traerTodos" time="0.542"/>
  <system-out/>
</testsuite> <!-- test.com.dh.clinica.PacienteServiceTest -->
